# JRE version: Java(TM) SE Runtime Environment (8.0_31-b13) (build 1.8.0_31-b13)
# Java VM: Java HotSpot(TM) 64-Bit Server VM (25.31-b07 mixed mode bsd-amd64 compressed oops)
Heap:
 PSYoungGen      total 1393152K, used 333630K [0x000000076ab00000, 0x00000007bff00000, 0x00000007c0000000)
  eden space 1389568K, 24% used [0x000000076ab00000,0x000000077f0af860,0x00000007bf800000)
  from space 3584K, 3% used [0x00000007bf800000,0x00000007bf820000,0x00000007bfb80000)
  to   space 3072K, 0% used [0x00000007bfc00000,0x00000007bfc00000,0x00000007bff00000)
 ParOldGen       total 280064K, used 161375K [0x00000006c0000000, 0x00000006d1180000, 0x000000076ab00000)
  object space 280064K, 57% used [0x00000006c0000000,0x00000006c9d97f60,0x00000006d1180000)
 Metaspace       used 16142K, capacity 16352K, committed 16768K, reserved 1064960K
  class space    used 2037K, capacity 2074K, committed 2176K, reserved 1048576K
GC Heap History (10 events):
Event: 77.658 GC heap before
{Heap before GC invocations=100 (full 1):
 PSYoungGen      total 1392128K, used 1387648K [0x000000076ab00000, 0x00000007bff80000, 0x00000007c0000000)
  eden space 1387520K, 100% used [0x000000076ab00000,0x00000007bf600000,0x00000007bf600000)
  from space 4608K, 2% used [0x00000007bfa80000,0x00000007bfaa0000,0x00000007bff00000)
  to   space 4608K, 0% used [0x00000007bf600000,0x00000007bf600000,0x00000007bfa80000)
 ParOldGen       total 280064K, used 161375K [0x00000006c0000000, 0x00000006d1180000, 0x000000076ab00000)
  object space 280064K, 57% used [0x00000006c0000000,0x00000006c9d97f60,0x00000006d1180000)
 Metaspace       used 16141K, capacity 16352K, committed 16768K, reserved 1064960K
  class space    used 2037K, capacity 2074K, committed 2176K, reserved 1048576K
Event: 77.659 GC heap after
Heap after GC invocations=100 (full 1):
 PSYoungGen      total 1392128K, used 128K [0x000000076ab00000, 0x00000007bff00000, 0x00000007c0000000)
  eden space 1387520K, 0% used [0x000000076ab00000,0x000000076ab00000,0x00000007bf600000)
  from space 4608K, 2% used [0x00000007bf600000,0x00000007bf620000,0x00000007bfa80000)
  to   space 4096K, 0% used [0x00000007bfb00000,0x00000007bfb00000,0x00000007bff00000)
 ParOldGen       total 280064K, used 161375K [0x00000006c0000000, 0x00000006d1180000, 0x000000076ab00000)
  object space 280064K, 57% used [0x00000006c0000000,0x00000006c9d97f60,0x00000006d1180000)
 Metaspace       used 16141K, capacity 16352K, committed 16768K, reserved 1064960K
  class space    used 2037K, capacity 2074K, committed 2176K, reserved 1048576K
}
Event: 78.158 GC heap before
{Heap before GC invocations=101 (full 1):
 PSYoungGen      total 1392128K, used 1387648K [0x000000076ab00000, 0x00000007bff00000, 0x00000007c0000000)
  eden space 1387520K, 100% used [0x000000076ab00000,0x00000007bf600000,0x00000007bf600000)
  from space 4608K, 2% used [0x00000007bf600000,0x00000007bf620000,0x00000007bfa80000)
  to   space 4096K, 0% used [0x00000007bfb00000,0x00000007bfb00000,0x00000007bff00000)
 ParOldGen       total 280064K, used 161375K [0x00000006c0000000, 0x00000006d1180000, 0x000000076ab00000)
  object space 280064K, 57% used [0x00000006c0000000,0x00000006c9d97f60,0x00000006d1180000)
 Metaspace       used 16141K, capacity 16352K, committed 16768K, reserved 1064960K
  class space    used 2037K, capacity 2074K, committed 2176K, reserved 1048576K
Event: 78.159 GC heap after
Heap after GC invocations=101 (full 1):
 PSYoungGen      total 1392640K, used 128K [0x000000076ab00000, 0x00000007bff80000, 0x00000007c0000000)
  eden space 1388544K, 0% used [0x000000076ab00000,0x000000076ab00000,0x00000007bf700000)
  from space 4096K, 3% used [0x00000007bfb00000,0x00000007bfb20000,0x00000007bff00000)
  to   space 4096K, 0% used [0x00000007bf700000,0x00000007bf700000,0x00000007bfb00000)
 ParOldGen       total 280064K, used 161375K [0x00000006c0000000, 0x00000006d1180000, 0x000000076ab00000)
  object space 280064K, 57% used [0x00000006c0000000,0x00000006c9d97f60,0x00000006d1180000)
 Metaspace       used 16141K, capacity 16352K, committed 16768K, reserved 1064960K
  class space    used 2037K, capacity 2074K, committed 2176K, reserved 1048576K
}
Event: 78.664 GC heap before
{Heap before GC invocations=102 (full 1):
 PSYoungGen      total 1392640K, used 1388672K [0x000000076ab00000, 0x00000007bff80000, 0x00000007c0000000)
  eden space 1388544K, 100% used [0x000000076ab00000,0x00000007bf700000,0x00000007bf700000)
  from space 4096K, 3% used [0x00000007bfb00000,0x00000007bfb20000,0x00000007bff00000)
  to   space 4096K, 0% used [0x00000007bf700000,0x00000007bf700000,0x00000007bfb00000)
 ParOldGen       total 280064K, used 161375K [0x00000006c0000000, 0x00000006d1180000, 0x000000076ab00000)
  object space 280064K, 57% used [0x00000006c0000000,0x00000006c9d97f60,0x00000006d1180000)
 Metaspace       used 16141K, capacity 16352K, committed 16768K, reserved 1064960K
  class space    used 2037K, capacity 2074K, committed 2176K, reserved 1048576K
Event: 78.666 GC heap after
Heap after GC invocations=102 (full 1):
 PSYoungGen      total 1392640K, used 96K [0x000000076ab00000, 0x00000007bff00000, 0x00000007c0000000)
  eden space 1388544K, 0% used [0x000000076ab00000,0x000000076ab00000,0x00000007bf700000)
  from space 4096K, 2% used [0x00000007bf700000,0x00000007bf718000,0x00000007bfb00000)
  to   space 3584K, 0% used [0x00000007bfb80000,0x00000007bfb80000,0x00000007bff00000)
 ParOldGen       total 280064K, used 161375K [0x00000006c0000000, 0x00000006d1180000, 0x000000076ab00000)
  object space 280064K, 57% used [0x00000006c0000000,0x00000006c9d97f60,0x00000006d1180000)
 Metaspace       used 16141K, capacity 16352K, committed 16768K, reserved 1064960K
  class space    used 2037K, capacity 2074K, committed 2176K, reserved 1048576K
}
Event: 79.158 GC heap before
{Heap before GC invocations=103 (full 1):
 PSYoungGen      total 1392640K, used 1388640K [0x000000076ab00000, 0x00000007bff00000, 0x00000007c0000000)
  eden space 1388544K, 100% used [0x000000076ab00000,0x00000007bf700000,0x00000007bf700000)
  from space 4096K, 2% used [0x00000007bf700000,0x00000007bf718000,0x00000007bfb00000)
  to   space 3584K, 0% used [0x00000007bfb80000,0x00000007bfb80000,0x00000007bff00000)
 ParOldGen       total 280064K, used 161375K [0x00000006c0000000, 0x00000006d1180000, 0x000000076ab00000)
  object space 280064K, 57% used [0x00000006c0000000,0x00000006c9d97f60,0x00000006d1180000)
 Metaspace       used 16141K, capacity 16352K, committed 16768K, reserved 1064960K
  class space    used 2037K, capacity 2074K, committed 2176K, reserved 1048576K
Event: 79.159 GC heap after
Heap after GC invocations=103 (full 1):
 PSYoungGen      total 1393152K, used 160K [0x000000076ab00000, 0x00000007bff80000, 0x00000007c0000000)
  eden space 1389568K, 0% used [0x000000076ab00000,0x000000076ab00000,0x00000007bf800000)
  from space 3584K, 4% used [0x00000007bfb80000,0x00000007bfba8000,0x00000007bff00000)
  to   space 3584K, 0% used [0x00000007bf800000,0x00000007bf800000,0x00000007bfb80000)
 ParOldGen       total 280064K, used 161375K [0x00000006c0000000, 0x00000006d1180000, 0x000000076ab00000)
  object space 280064K, 57% used [0x00000006c0000000,0x00000006c9d97f60,0x00000006d1180000)
 Metaspace       used 16141K, capacity 16352K, committed 16768K, reserved 1064960K
  class space    used 2037K, capacity 2074K, committed 2176K, reserved 1048576K
}
Event: 79.653 GC heap before
{Heap before GC invocations=104 (full 1):
 PSYoungGen      total 1393152K, used 1389728K [0x000000076ab00000, 0x00000007bff80000, 0x00000007c0000000)
  eden space 1389568K, 100% used [0x000000076ab00000,0x00000007bf800000,0x00000007bf800000)
  from space 3584K, 4% used [0x00000007bfb80000,0x00000007bfba8000,0x00000007bff00000)
  to   space 3584K, 0% used [0x00000007bf800000,0x00000007bf800000,0x00000007bfb80000)
 ParOldGen       total 280064K, used 161375K [0x00000006c0000000, 0x00000006d1180000, 0x000000076ab00000)
  object space 280064K, 57% used [0x00000006c0000000,0x00000006c9d97f60,0x00000006d1180000)
 Metaspace       used 16141K, capacity 16352K, committed 16768K, reserved 1064960K
  class space    used 2037K, capacity 2074K, committed 2176K, reserved 1048576K
Event: 79.654 GC heap after
Heap after GC invocations=104 (full 1):
 PSYoungGen      total 1393152K, used 128K [0x000000076ab00000, 0x00000007bff00000, 0x00000007c0000000)
  eden space 1389568K, 0% used [0x000000076ab00000,0x000000076ab00000,0x00000007bf800000)
  from space 3584K, 3% used [0x00000007bf800000,0x00000007bf820000,0x00000007bfb80000)
  to   space 3072K, 0% used [0x00000007bfc00000,0x00000007bfc00000,0x00000007bff00000)
 ParOldGen       total 280064K, used 161375K [0x00000006c0000000, 0x00000006d1180000, 0x000000076ab00000)
  object space 280064K, 57% used [0x00000006c0000000,0x00000006c9d97f60,0x00000006d1180000)
 Metaspace       used 16141K, capacity 16352K, committed 16768K, reserved 1064960K
  class space    used 2037K, capacity 2074K, committed 2176K, reserved 1048576K
}

